C:\USERS\MALEK\DESKTOP\OPTIMISATION\EXEMPLE00\DEBUG\EXEMPLE00.OBJ
C:\USERS\MALEK\DESKTOP\OPTIMISATION\EXEMPLE00\DEBUG\VC110.PDB
C:\USERS\MALEK\DESKTOP\OPTIMISATION\DEBUG\EXEMPLE00.ILK
C:\USERS\MALEK\DESKTOP\OPTIMISATION\DEBUG\EXEMPLE00.EXE
C:\USERS\MALEK\DESKTOP\OPTIMISATION\DEBUG\EXEMPLE00.PDB
C:\Users\Malek\Desktop\optimisation\exemple00\Debug\exemple00.obj
C:\Users\Malek\Desktop\optimisation\exemple00\Debug\cl.command.1.tlog
C:\Users\Malek\Desktop\optimisation\exemple00\Debug\CL.read.1.tlog
C:\Users\Malek\Desktop\optimisation\exemple00\Debug\CL.write.1.tlog
C:\Users\Malek\Desktop\optimisation\exemple00\Debug\link-cvtres.read.1.tlog
C:\Users\Malek\Desktop\optimisation\exemple00\Debug\link-cvtres.write.1.tlog
C:\Users\Malek\Desktop\optimisation\exemple00\Debug\link-rc.read.1.tlog
C:\Users\Malek\Desktop\optimisation\exemple00\Debug\link-rc.write.1.tlog
C:\Users\Malek\Desktop\optimisation\exemple00\Debug\link.command.1.tlog
C:\Users\Malek\Desktop\optimisation\exemple00\Debug\link.read.1.tlog
C:\Users\Malek\Desktop\optimisation\exemple00\Debug\link.write.1.tlog
C:\Users\Malek\Desktop\optimisation\exemple00\Debug\vc110.idb
C:\Users\Malek\Desktop\optimisation\exemple00\Debug\vc110.pdb
C:\Users\Malek\Desktop\optimisation\Debug\exemple00.pdb
C:\Users\Malek\Desktop\optimisation\Debug\exemple00.exe
C:\Users\Malek\Desktop\optimisation\Debug\exemple00.ilk
