C:\USERS\MALEK\DESKTOP\OPTIMISATION\EXEMPLE03\DEBUG\EXEMPLE03.OBJ
C:\USERS\MALEK\DESKTOP\OPTIMISATION\EXEMPLE03\DEBUG\VC110.PDB
C:\USERS\MALEK\DESKTOP\OPTIMISATION\DEBUG\EXEMPLE03.ILK
C:\USERS\MALEK\DESKTOP\OPTIMISATION\DEBUG\EXEMPLE03.EXE
C:\USERS\MALEK\DESKTOP\OPTIMISATION\DEBUG\EXEMPLE03.PDB
C:\Users\Malek\Desktop\optimisation\exemple03\Debug\exemple03.obj
C:\Users\Malek\Desktop\optimisation\exemple03\Debug\cl.command.1.tlog
C:\Users\Malek\Desktop\optimisation\exemple03\Debug\CL.read.1.tlog
C:\Users\Malek\Desktop\optimisation\exemple03\Debug\CL.write.1.tlog
C:\Users\Malek\Desktop\optimisation\exemple03\Debug\link-cvtres.read.1.tlog
C:\Users\Malek\Desktop\optimisation\exemple03\Debug\link-cvtres.write.1.tlog
C:\Users\Malek\Desktop\optimisation\exemple03\Debug\link-rc.read.1.tlog
C:\Users\Malek\Desktop\optimisation\exemple03\Debug\link-rc.write.1.tlog
C:\Users\Malek\Desktop\optimisation\exemple03\Debug\link.command.1.tlog
C:\Users\Malek\Desktop\optimisation\exemple03\Debug\link.read.1.tlog
C:\Users\Malek\Desktop\optimisation\exemple03\Debug\link.write.1.tlog
C:\Users\Malek\Desktop\optimisation\exemple03\Debug\vc110.idb
C:\Users\Malek\Desktop\optimisation\exemple03\Debug\vc110.pdb
C:\Users\Malek\Desktop\optimisation\Debug\exemple03.pdb
C:\Users\Malek\Desktop\optimisation\Debug\exemple03.exe
C:\Users\Malek\Desktop\optimisation\Debug\exemple03.ilk
