C:\USERS\MALEK\DESKTOP\OPTIMISATION\EXEMPLE02\DEBUG\EXEMPLE02.OBJ
C:\USERS\MALEK\DESKTOP\OPTIMISATION\EXEMPLE02\DEBUG\VC110.PDB
C:\USERS\MALEK\DESKTOP\OPTIMISATION\DEBUG\EXEMPLE02.ILK
C:\USERS\MALEK\DESKTOP\OPTIMISATION\DEBUG\EXEMPLE02.EXE
C:\USERS\MALEK\DESKTOP\OPTIMISATION\DEBUG\EXEMPLE02.PDB
C:\Users\Malek\Desktop\optimisation\exemple02\Debug\exemple02.obj
C:\Users\Malek\Desktop\optimisation\exemple02\Debug\cl.command.1.tlog
C:\Users\Malek\Desktop\optimisation\exemple02\Debug\CL.read.1.tlog
C:\Users\Malek\Desktop\optimisation\exemple02\Debug\CL.write.1.tlog
C:\Users\Malek\Desktop\optimisation\exemple02\Debug\link-cvtres.read.1.tlog
C:\Users\Malek\Desktop\optimisation\exemple02\Debug\link-cvtres.write.1.tlog
C:\Users\Malek\Desktop\optimisation\exemple02\Debug\link-rc.read.1.tlog
C:\Users\Malek\Desktop\optimisation\exemple02\Debug\link-rc.write.1.tlog
C:\Users\Malek\Desktop\optimisation\exemple02\Debug\link.command.1.tlog
C:\Users\Malek\Desktop\optimisation\exemple02\Debug\link.read.1.tlog
C:\Users\Malek\Desktop\optimisation\exemple02\Debug\link.write.1.tlog
C:\Users\Malek\Desktop\optimisation\exemple02\Debug\vc110.idb
C:\Users\Malek\Desktop\optimisation\exemple02\Debug\vc110.pdb
C:\Users\Malek\Desktop\optimisation\Debug\exemple02.pdb
C:\Users\Malek\Desktop\optimisation\Debug\exemple02.exe
C:\Users\Malek\Desktop\optimisation\Debug\exemple02.ilk
