C:\USERS\MALEK\DESKTOP\OPTIMISATION\CPLUSPLUS01\DEBUG\CPLUSPLUS01.OBJ
C:\USERS\MALEK\DESKTOP\OPTIMISATION\CPLUSPLUS01\DEBUG\VC110.PDB
C:\USERS\MALEK\DESKTOP\OPTIMISATION\DEBUG\CPLUSPLUS01.ILK
C:\USERS\MALEK\DESKTOP\OPTIMISATION\DEBUG\CPLUSPLUS01.EXE
C:\USERS\MALEK\DESKTOP\OPTIMISATION\DEBUG\CPLUSPLUS01.PDB
C:\Users\Malek\Desktop\optimisation\cplusplus01\Debug\cplusplus01.obj
C:\Users\Malek\Desktop\optimisation\cplusplus01\Debug\cl.command.1.tlog
C:\Users\Malek\Desktop\optimisation\cplusplus01\Debug\CL.read.1.tlog
C:\Users\Malek\Desktop\optimisation\cplusplus01\Debug\CL.write.1.tlog
C:\Users\Malek\Desktop\optimisation\cplusplus01\Debug\link-cvtres.read.1.tlog
C:\Users\Malek\Desktop\optimisation\cplusplus01\Debug\link-cvtres.write.1.tlog
C:\Users\Malek\Desktop\optimisation\cplusplus01\Debug\link-rc.read.1.tlog
C:\Users\Malek\Desktop\optimisation\cplusplus01\Debug\link-rc.write.1.tlog
C:\Users\Malek\Desktop\optimisation\cplusplus01\Debug\link.command.1.tlog
C:\Users\Malek\Desktop\optimisation\cplusplus01\Debug\link.read.1.tlog
C:\Users\Malek\Desktop\optimisation\cplusplus01\Debug\link.write.1.tlog
C:\Users\Malek\Desktop\optimisation\cplusplus01\Debug\vc110.idb
C:\Users\Malek\Desktop\optimisation\cplusplus01\Debug\vc110.pdb
C:\Users\Malek\Desktop\optimisation\Debug\cplusplus01.pdb
C:\Users\Malek\Desktop\optimisation\Debug\cplusplus01.exe
C:\Users\Malek\Desktop\optimisation\Debug\cplusplus01.ilk
